[00:00:39] [Server thread/WARN]: Can't keep up! Is the server overloaded? Running 2038ms or 40 ticks behind
[00:01:17] [Server thread/INFO]: Cerealesh[/25.97.93.238:59500] logged in with entity id 6369 at (-156.6176817618666, 63.0, 168.75641133300044)
[00:01:17] [Server thread/INFO]: Cerealesh joined the game
[00:01:21] [Server thread/WARN]: Can't keep up! Is the server overloaded? Running 2010ms or 40 ticks behind
[00:02:59] [Server thread/INFO]: asiertxoo97[/25.16.146.192:58196] logged in with entity id 6710 at (-27.30000001192093, 70.0, 65.24994589278297)
[00:02:59] [Server thread/INFO]: asiertxoo97 joined the game
[00:03:20] [Server thread/INFO]: asiertxoo97 lost connection: Disconnected
[00:03:20] [Server thread/INFO]: asiertxoo97 left the game
[00:03:27] [Server thread/INFO]: asiertxoo97[/25.16.146.192:58203] logged in with entity id 6872 at (-27.30000001192093, 70.0, 65.24994589278297)
[00:03:27] [Server thread/INFO]: asiertxoo97 joined the game
[00:04:12] [Server thread/INFO]: asiertxoo97 lost connection: Disconnected
[00:04:12] [Server thread/INFO]: asiertxoo97 left the game
[00:04:19] [Server thread/INFO]: asiertxoo97[/25.16.146.192:58214] logged in with entity id 7130 at (-31.146082466322305, 70.0, 65.4102509259311)
[00:04:19] [Server thread/INFO]: asiertxoo97 joined the game
[00:06:09] [Server thread/WARN]: Can't keep up! Is the server overloaded? Running 2032ms or 40 ticks behind
[00:06:27] [Server thread/WARN]: Can't keep up! Is the server overloaded? Running 2964ms or 59 ticks behind
[00:06:47] [Server thread/WARN]: Can't keep up! Is the server overloaded? Running 5151ms or 103 ticks behind
[00:06:52] [Server thread/INFO]: arribas12 has made the advancement [Isn't It Iron Pick]
[00:07:05] [Server thread/WARN]: Can't keep up! Is the server overloaded? Running 3498ms or 69 ticks behind
[00:07:24] [Server thread/WARN]: Can't keep up! Is the server overloaded? Running 3188ms or 63 ticks behind
[00:07:43] [Server thread/WARN]: Can't keep up! Is the server overloaded? Running 4148ms or 82 ticks behind
[00:08:01] [Server thread/WARN]: Can't keep up! Is the server overloaded? Running 2985ms or 59 ticks behind
[00:08:18] [Server thread/WARN]: Can't keep up! Is the server overloaded? Running 2881ms or 57 ticks behind
[00:08:37] [Server thread/WARN]: Can't keep up! Is the server overloaded? Running 3686ms or 73 ticks behind
[00:08:58] [Server thread/WARN]: Can't keep up! Is the server overloaded? Running 5813ms or 116 ticks behind
[00:09:21] [Server thread/WARN]: Can't keep up! Is the server overloaded? Running 7673ms or 153 ticks behind
[00:09:43] [Server thread/WARN]: Can't keep up! Is the server overloaded? Running 7956ms or 159 ticks behind
[00:10:06] [Server thread/WARN]: Can't keep up! Is the server overloaded? Running 7236ms or 144 ticks behind
[00:10:20] [Server thread/INFO]: <Cerealesh> zzz
[00:10:25] [Server thread/INFO]: arribas12 lost connection: Disconnected
[00:10:25] [Server thread/INFO]: arribas12 left the game
[00:10:25] [Server thread/WARN]: Can't keep up! Is the server overloaded? Running 4269ms or 85 ticks behind
[00:10:35] [Server thread/INFO]: arribas12[/25.107.209.122:57055] logged in with entity id 8635 at (-137.47209299064383, 9.0, 128.0549139762548)
[00:10:35] [Server thread/INFO]: arribas12 joined the game
[00:10:44] [Server thread/WARN]: Can't keep up! Is the server overloaded? Running 4154ms or 83 ticks behind
[00:11:04] [Server thread/WARN]: Can't keep up! Is the server overloaded? Running 4862ms or 97 ticks behind
[00:11:24] [Server thread/WARN]: Can't keep up! Is the server overloaded? Running 4751ms or 95 ticks behind
[00:11:32] [Server thread/INFO]: <Cerealesh> zzz
[00:11:42] [Server thread/WARN]: Can't keep up! Is the server overloaded? Running 3600ms or 72 ticks behind
[00:11:51] [Server thread/INFO]: <arribas12> estoy dormido
[00:11:58] [Server thread/INFO]: <Mary> y yo
[00:12:01] [Server thread/WARN]: Can't keep up! Is the server overloaded? Running 4158ms or 83 ticks behind
[00:12:05] [Server thread/INFO]: <arribas12> asier
[00:12:08] [Server thread/INFO]: <Cerealesh> y yo
[00:12:20] [Server thread/WARN]: Can't keep up! Is the server overloaded? Running 4025ms or 80 ticks behind
[00:12:41] [Server thread/WARN]: Can't keep up! Is the server overloaded? Running 5646ms or 112 ticks behind
[00:13:01] [Server thread/WARN]: Can't keep up! Is the server overloaded? Running 5212ms or 104 ticks behind
[00:13:25] [Server thread/WARN]: Can't keep up! Is the server overloaded? Running 8602ms or 172 ticks behind
[00:13:44] [Server thread/INFO]: arribas12 has made the advancement [Diamonds!]
[00:13:47] [Server thread/WARN]: Can't keep up! Is the server overloaded? Running 6816ms or 136 ticks behind
[00:13:50] [Server thread/INFO]: <Cerealesh> que diamantes
[00:14:00] [Server thread/INFO]: <arribas12> que?
[00:14:07] [Server thread/WARN]: Can't keep up! Is the server overloaded? Running 5599ms or 111 ticks behind
[00:14:12] [Server thread/INFO]: <Cerealesh> dame
[00:14:24] [Server thread/INFO]: <asiertxoo97> gonzalo te compro la cuenta
[00:14:27] [Server thread/WARN]: Can't keep up! Is the server overloaded? Running 5208ms or 104 ticks behind
[00:14:32] [Server thread/INFO]: <asiertxoo97> por 10 de tiera
[00:14:32] [Server thread/INFO]: <arribas12> jaja no
[00:14:49] [Server thread/WARN]: Can't keep up! Is the server overloaded? Running 6652ms or 133 ticks behind
[00:15:09] [Server thread/INFO]: arribas12 tried to swim in lava
[00:15:13] [Server thread/WARN]: Can't keep up! Is the server overloaded? Running 8533ms or 170 ticks behind
[00:15:14] [Server thread/INFO]: <Cerealesh> JAJAJAJAJJAAJJAAAJA
[00:15:20] [Server thread/INFO]: <arribas12> nooo
[00:15:34] [Server thread/WARN]: Can't keep up! Is the server overloaded? Running 6618ms or 132 ticks behind
[00:15:56] [Server thread/WARN]: Can't keep up! Is the server overloaded? Running 7060ms or 141 ticks behind
[00:16:18] [Server thread/WARN]: Can't keep up! Is the server overloaded? Running 6669ms or 133 ticks behind
[00:16:39] [Server thread/WARN]: Can't keep up! Is the server overloaded? Running 6626ms or 132 ticks behind
[00:17:03] [Server thread/WARN]: Can't keep up! Is the server overloaded? Running 8500ms or 170 ticks behind
[00:17:16] [Server thread/INFO]: <arribas12> os va lag?
[00:17:19] [Server thread/INFO]: <Cerealesh> si
[00:17:25] [Server thread/WARN]: Can't keep up! Is the server overloaded? Running 7347ms or 146 ticks behind
[00:17:47] [Server thread/WARN]: Can't keep up! Is the server overloaded? Running 7220ms or 144 ticks behind
[00:17:52] [Server thread/INFO]: <arribas12> nazi
[00:17:58] [Server thread/INFO]: <Cerealesh> paga internet
[00:18:13] [Server thread/INFO]: <asiertxoo97> es mi obra
[00:18:14] [Server thread/WARN]: Can't keep up! Is the server overloaded? Running 11388ms or 227 ticks behind
[00:18:41] [Server thread/WARN]: Can't keep up! Is the server overloaded? Running 11841ms or 236 ticks behind
[00:18:59] [Server thread/INFO]: Cerealesh has made the advancement [Diamonds!]
[00:19:08] [Server thread/WARN]: Can't keep up! Is the server overloaded? Running 12767ms or 255 ticks behind
[00:19:36] [Server thread/WARN]: Can't keep up! Is the server overloaded? Running 12308ms or 246 ticks behind
[00:20:00] [Server thread/WARN]: Can't keep up! Is the server overloaded? Running 9607ms or 192 ticks behind
[00:20:23] [Server thread/WARN]: Can't keep up! Is the server overloaded? Running 7741ms or 154 ticks behind
[00:20:28] [Server thread/INFO]: <arribas12> al final que haces con el server
[00:20:34] [Server thread/INFO]: <arribas12> se lo actualizas a lorite?
[00:20:38] [Server thread/INFO]: <Cerealesh> no creo
[00:20:41] [Server thread/INFO]: <asiertxoo97> va bien
[00:20:42] [Server thread/WARN]: Can't keep up! Is the server overloaded? Running 3772ms or 75 ticks behind
[00:20:46] [Server thread/INFO]: <Cerealesh> porque nunca juega el perro
[00:20:46] [Server thread/INFO]: <asiertxoo97> nos quedamos
[00:20:51] [Server thread/INFO]: <asiertxoo97> esta en nuestra casa ahora
[00:20:55] [Server thread/INFO]: <arribas12> pero el trabaja
[00:20:57] [Server thread/INFO]: <arribas12> xxd
[00:21:05] [Server thread/WARN]: Can't keep up! Is the server overloaded? Running 7975ms or 159 ticks behind
[00:21:08] [Server thread/INFO]: <Cerealesh> y yo
[00:21:19] [Server thread/INFO]: <arribas12> por eso, digo que tu trabajas
[00:21:25] [Server thread/INFO]: <arribas12> el puede dejar el server durante dia
[00:21:26] [Server thread/WARN]: Can't keep up! Is the server overloaded? Running 6713ms or 134 ticks behind
[00:21:30] [Server thread/INFO]: <Cerealesh> pero hasta el lunes nada
[00:21:37] [Server thread/INFO]: <Cerealesh> ya pero es gili
[00:21:49] [Server thread/WARN]: Can't keep up! Is the server overloaded? Running 7776ms or 155 ticks behind
[00:22:12] [Server thread/WARN]: Can't keep up! Is the server overloaded? Running 7629ms or 152 ticks behind
[00:22:34] [Server thread/WARN]: Can't keep up! Is the server overloaded? Running 7567ms or 151 ticks behind
[00:22:57] [Server thread/WARN]: Can't keep up! Is the server overloaded? Running 7558ms or 151 ticks behind
[00:23:17] [Server thread/INFO]: <Cerealesh> gonzalo
[00:23:20] [Server thread/WARN]: Can't keep up! Is the server overloaded? Running 7810ms or 156 ticks behind
[00:23:24] [Server thread/INFO]: <Cerealesh> como se hacia lo cortar piedra?
[00:23:36] [Server thread/INFO]: <arribas12> con una pica
[00:23:43] [Server thread/WARN]: Can't keep up! Is the server overloaded? Running 8359ms or 167 ticks behind
[00:23:48] [Server thread/INFO]: <Cerealesh> y con un zurito?
[00:23:54] [Server thread/INFO]: <arribas12> xd
[00:24:02] [Server thread/INFO]: <Cerealesh> ah ya se
[00:24:05] [Server thread/WARN]: Can't keep up! Is the server overloaded? Running 7287ms or 145 ticks behind
[00:24:29] [Server thread/WARN]: Can't keep up! Is the server overloaded? Running 9079ms or 181 ticks behind
[00:24:36] [Server thread/INFO]: arribas12 has made the advancement [Ice Bucket Challenge]
[00:24:39] [Server thread/INFO]: asiertxoo97 hit the ground too hard
[00:24:43] [Server thread/INFO]: <arribas12> lool
[00:24:56] [Server thread/WARN]: Can't keep up! Is the server overloaded? Running 11613ms or 232 ticks behind
[00:25:21] [Server thread/WARN]: Can't keep up! Is the server overloaded? Running 9759ms or 195 ticks behind
[00:25:43] [Server thread/WARN]: Can't keep up! Is the server overloaded? Running 7880ms or 157 ticks behind
[00:26:06] [Server thread/WARN]: Can't keep up! Is the server overloaded? Running 7953ms or 159 ticks behind
[00:26:27] [Server thread/WARN]: Can't keep up! Is the server overloaded? Running 6074ms or 121 ticks behind
[00:26:47] [Server thread/WARN]: Can't keep up! Is the server overloaded? Running 4327ms or 86 ticks behind
[00:27:06] [Server thread/WARN]: Can't keep up! Is the server overloaded? Running 4730ms or 94 ticks behind
[00:27:27] [Server thread/WARN]: Can't keep up! Is the server overloaded? Running 5719ms or 114 ticks behind
[00:27:49] [Server thread/WARN]: Can't keep up! Is the server overloaded? Running 6400ms or 128 ticks behind
[00:28:12] [Server thread/WARN]: Can't keep up! Is the server overloaded? Running 8808ms or 176 ticks behind
[00:28:36] [Server thread/WARN]: Can't keep up! Is the server overloaded? Running 9147ms or 182 ticks behind
[00:29:00] [Server thread/WARN]: Can't keep up! Is the server overloaded? Running 8961ms or 179 ticks behind
[00:29:19] [Server thread/INFO]: <Cerealesh> zZzZ
[00:29:23] [Server thread/WARN]: Can't keep up! Is the server overloaded? Running 7233ms or 144 ticks behind
[00:29:23] [Server thread/INFO]: <Mary> nochee
[00:29:30] [Server thread/INFO]: arribas12 lost connection: Disconnected
[00:29:30] [Server thread/INFO]: arribas12 left the game
[00:29:41] [Server thread/INFO]: arribas12[/25.107.209.122:57067] logged in with entity id 12178 at (-176.49835866163724, 17.0, 116.58623514283603)
[00:29:41] [Server thread/INFO]: arribas12 joined the game
[00:29:48] [Server thread/WARN]: Can't keep up! Is the server overloaded? Running 10229ms or 204 ticks behind
[00:30:15] [Server thread/WARN]: Can't keep up! Is the server overloaded? Running 12269ms or 245 ticks behind
[00:30:45] [Server thread/WARN]: Can't keep up! Is the server overloaded? Running 15420ms or 308 ticks behind
[00:31:17] [Server thread/WARN]: Can't keep up! Is the server overloaded? Running 16706ms or 334 ticks behind
[00:31:46] [Server thread/WARN]: Can't keep up! Is the server overloaded? Running 13527ms or 270 ticks behind
[00:32:12] [Server thread/WARN]: Can't keep up! Is the server overloaded? Running 11140ms or 222 ticks behind
[00:32:39] [Server thread/WARN]: Can't keep up! Is the server overloaded? Running 11791ms or 235 ticks behind
[00:33:07] [Server thread/WARN]: Can't keep up! Is the server overloaded? Running 13170ms or 263 ticks behind
[00:33:37] [Server thread/WARN]: Can't keep up! Is the server overloaded? Running 14953ms or 299 ticks behind
[00:34:03] [Server thread/WARN]: Can't keep up! Is the server overloaded? Running 11629ms or 232 ticks behind
[00:34:31] [Server thread/WARN]: Can't keep up! Is the server overloaded? Running 13276ms or 265 ticks behind
[00:34:59] [Server thread/WARN]: Can't keep up! Is the server overloaded? Running 12813ms or 256 ticks behind
[00:35:19] [Server thread/INFO]: <Cerealesh> gonzalo dame carbon
[00:35:26] [Server thread/WARN]: Can't keep up! Is the server overloaded? Running 12160ms or 243 ticks behind
[00:35:49] [Server thread/INFO]: <arribas12> donde andas
[00:35:55] [Server thread/WARN]: Can't keep up! Is the server overloaded? Running 13451ms or 269 ticks behind
[00:35:58] [Server thread/INFO]: <Cerealesh> voy a mi casa
[00:36:21] [Server thread/WARN]: Can't keep up! Is the server overloaded? Running 11503ms or 230 ticks behind
[00:36:46] [Server thread/WARN]: Can't keep up! Is the server overloaded? Running 9564ms or 191 ticks behind
[00:36:59] [Server thread/INFO]: <Cerealesh> holis
[00:37:09] [Server thread/WARN]: Can't keep up! Is the server overloaded? Running 7839ms or 156 ticks behind
[00:37:10] [Server thread/INFO]: <arribas12> como has hecho el cortapiedras?
[00:37:21] [Server thread/INFO]: <Cerealesh> mmmh
[00:37:32] [Server thread/INFO]: <Cerealesh> 3 de piedra y 1 de metal
[00:37:35] [Server thread/WARN]: Can't keep up! Is the server overloaded? Running 10940ms or 218 ticks behind
[00:37:47] [Server thread/INFO]: <Cerealesh> 3 seguidos de piedra y uno de metal encima en el medio
[00:37:53] [Server thread/INFO]: <Cerealesh> y grax por el carbon z3
[00:37:57] [Server thread/INFO]: <Cerealesh> <3
[00:37:57] [Server thread/INFO]: <arribas12> <3
[00:37:57] [Server thread/WARN]: Can't keep up! Is the server overloaded? Running 7377ms or 147 ticks behind
[00:38:23] [Server thread/WARN]: Can't keep up! Is the server overloaded? Running 10658ms or 213 ticks behind
[00:38:47] [Server thread/WARN]: Can't keep up! Is the server overloaded? Running 9767ms or 195 ticks behind
[00:39:15] [Server thread/WARN]: Can't keep up! Is the server overloaded? Running 12747ms or 254 ticks behind
[00:39:41] [Server thread/WARN]: Can't keep up! Is the server overloaded? Running 11059ms or 221 ticks behind
[00:40:06] [Server thread/WARN]: Can't keep up! Is the server overloaded? Running 10116ms or 202 ticks behind
[00:40:32] [Server thread/WARN]: Can't keep up! Is the server overloaded? Running 10520ms or 210 ticks behind
[00:40:54] [Server thread/WARN]: Can't keep up! Is the server overloaded? Running 7415ms or 148 ticks behind
[00:41:17] [Server thread/WARN]: Can't keep up! Is the server overloaded? Running 8377ms or 167 ticks behind
[00:41:34] [Server thread/WARN]: Fetching packet for removed entity awb['Cobblestone'/14199, l='world', x=-64.13, y=55.38, z=31.98]
[00:41:41] [Server thread/WARN]: Can't keep up! Is the server overloaded? Running 8970ms or 179 ticks behind
[00:42:05] [Server thread/WARN]: Can't keep up! Is the server overloaded? Running 8836ms or 176 ticks behind
[00:42:29] [Server thread/WARN]: Can't keep up! Is the server overloaded? Running 9148ms or 182 ticks behind
[00:42:54] [Server thread/WARN]: Can't keep up! Is the server overloaded? Running 9403ms or 188 ticks behind
[00:43:18] [Server thread/WARN]: Can't keep up! Is the server overloaded? Running 9741ms or 194 ticks behind
[00:43:42] [Server thread/WARN]: Can't keep up! Is the server overloaded? Running 8502ms or 170 ticks behind
[00:44:05] [Server thread/WARN]: Can't keep up! Is the server overloaded? Running 8019ms or 160 ticks behind
[00:44:12] [Server thread/INFO]: asiertxoo97 has made the advancement [Isn't It Iron Pick]
[00:44:24] [Server thread/INFO]: asiertxoo97 has made the advancement [Diamonds!]
[00:44:27] [Server thread/WARN]: Can't keep up! Is the server overloaded? Running 7359ms or 147 ticks behind
[00:44:50] [Server thread/WARN]: Can't keep up! Is the server overloaded? Running 7544ms or 150 ticks behind
[00:45:14] [Server thread/WARN]: Can't keep up! Is the server overloaded? Running 8913ms or 178 ticks behind
[00:45:40] [Server thread/WARN]: Can't keep up! Is the server overloaded? Running 11383ms or 227 ticks behind
[00:46:04] [Server thread/WARN]: Can't keep up! Is the server overloaded? Running 9036ms or 180 ticks behind
[00:46:29] [Server thread/INFO]: asiertxoo97 lost connection: Disconnected
[00:46:29] [Server thread/INFO]: asiertxoo97 left the game
[00:46:29] [Server thread/WARN]: Can't keep up! Is the server overloaded? Running 10005ms or 200 ticks behind
[00:46:39] [Server thread/INFO]: asiertxoo97[/25.16.146.192:58297] logged in with entity id 14861 at (-95.30000001192093, 13.024424088213681, 37.69999998807907)
[00:46:39] [Server thread/INFO]: asiertxoo97 joined the game
[00:46:54] [Server thread/WARN]: Can't keep up! Is the server overloaded? Running 10020ms or 200 ticks behind
[00:47:20] [Server thread/WARN]: Can't keep up! Is the server overloaded? Running 11190ms or 223 ticks behind
[00:47:48] [Server thread/WARN]: Can't keep up! Is the server overloaded? Running 12389ms or 247 ticks behind
[00:48:14] [Server thread/WARN]: Can't keep up! Is the server overloaded? Running 11112ms or 222 ticks behind
[00:48:30] [Server thread/INFO]: asiertxoo97 lost connection: Disconnected
[00:48:30] [Server thread/INFO]: asiertxoo97 left the game
[00:48:31] [Server thread/INFO]: <Mary> nochee
[00:48:38] [Server thread/WARN]: Can't keep up! Is the server overloaded? Running 9578ms or 191 ticks behind
[00:49:01] [Server thread/WARN]: Can't keep up! Is the server overloaded? Running 7676ms or 153 ticks behind
[00:49:18] [Server thread/INFO]: asiertxoo97[/25.16.146.192:58304] logged in with entity id 15280 at (-96.30000001192093, 15.0, 40.94234541061421)
[00:49:19] [Server thread/INFO]: asiertxoo97 joined the game
[00:49:27] [Server thread/WARN]: Can't keep up! Is the server overloaded? Running 11032ms or 220 ticks behind
[00:49:53] [Server thread/INFO]: Mary lost connection: Disconnected
[00:49:53] [Server thread/INFO]: Mary left the game
[00:49:56] [Server thread/WARN]: Can't keep up! Is the server overloaded? Running 14084ms or 281 ticks behind
[00:50:12] [Server thread/INFO]: Mary[/25.101.82.149:62779] logged in with entity id 15466 at (-84.83966087736118, 64.0, 106.08047918473652)
[00:50:12] [Server thread/INFO]: Mary joined the game
[00:50:23] [Server thread/WARN]: Can't keep up! Is the server overloaded? Running 12527ms or 250 ticks behind
[00:50:51] [Server thread/WARN]: Can't keep up! Is the server overloaded? Running 12857ms or 257 ticks behind
[00:51:17] [Server thread/WARN]: Can't keep up! Is the server overloaded? Running 11127ms or 222 ticks behind
[00:51:45] [Server thread/WARN]: Can't keep up! Is the server overloaded? Running 12242ms or 244 ticks behind
[00:52:13] [Server thread/WARN]: Can't keep up! Is the server overloaded? Running 13171ms or 263 ticks behind
[00:52:49] [Server thread/WARN]: Can't keep up! Is the server overloaded? Running 21214ms or 424 ticks behind
[00:53:22] [Server thread/WARN]: Can't keep up! Is the server overloaded? Running 18009ms or 360 ticks behind
[00:53:52] [Server thread/WARN]: Can't keep up! Is the server overloaded? Running 14928ms or 298 ticks behind
[00:54:20] [Server thread/WARN]: Can't keep up! Is the server overloaded? Running 13188ms or 263 ticks behind
[00:54:53] [Server thread/WARN]: Can't keep up! Is the server overloaded? Running 18205ms or 364 ticks behind
[00:55:24] [Server thread/WARN]: Can't keep up! Is the server overloaded? Running 15597ms or 311 ticks behind
[00:55:53] [Server thread/WARN]: Can't keep up! Is the server overloaded? Running 14579ms or 291 ticks behind
[00:56:22] [Server thread/WARN]: Can't keep up! Is the server overloaded? Running 13375ms or 267 ticks behind
[00:56:52] [Server thread/WARN]: Can't keep up! Is the server overloaded? Running 15096ms or 301 ticks behind
[00:57:21] [Server thread/WARN]: Can't keep up! Is the server overloaded? Running 14759ms or 295 ticks behind
[00:57:51] [Server thread/WARN]: Can't keep up! Is the server overloaded? Running 15119ms or 302 ticks behind
[00:58:20] [Server thread/WARN]: Can't keep up! Is the server overloaded? Running 13342ms or 266 ticks behind
[00:58:48] [Server thread/WARN]: Can't keep up! Is the server overloaded? Running 12870ms or 257 ticks behind
[00:59:16] [Server thread/WARN]: Can't keep up! Is the server overloaded? Running 13432ms or 268 ticks behind
[00:59:19] [Server thread/INFO]: arribas12 has made the advancement [We Need to Go Deeper]
[00:59:19] [Server thread/WARN]: Cerealesh moved too quickly! 0.3082024528119973,0.0,10.153653405384034
[01:00:13] [Server thread/WARN]: Can't keep up! Is the server overloaded? Running 42183ms or 843 ticks behind
[01:00:40] [Server thread/INFO]: <Cerealesh> el oro pa que sirve?
[01:00:43] [Server thread/INFO]: <arribas12> alex, luego puedes subir esto a github y compartirlo¿
[01:00:50] [Server thread/INFO]: <Cerealesh> yep
[01:01:02] [Server thread/INFO]: <Cerealesh> lo vas a hostear?
[01:01:09] [Server thread/WARN]: Can't keep up! Is the server overloaded? Running 41318ms or 826 ticks behind
[01:01:12] [Server thread/INFO]: <arribas12> si, esque hay una parte del mapa que va muy lag
[01:01:16] [Server thread/INFO]: <arribas12> mira ven a mi casa
[01:01:23] [Server thread/INFO]: <Cerealesh> wait
[01:02:02] [Server thread/WARN]: Can't keep up! Is the server overloaded? Running 37564ms or 751 ticks behind
[01:02:17] [Server thread/INFO]: <Cerealesh> necesito cuenta en github?
[01:02:28] [Server thread/INFO]: <arribas12> nose, con google creo que iba
[01:02:47] [Server thread/WARN]: Can't keep up! Is the server overloaded? Running 30504ms or 610 ticks behind
[01:02:49] [Server thread/INFO]: Mary lost connection: Disconnected
[01:02:49] [Server thread/INFO]: Mary left the game
[01:03:04] [Server thread/INFO]: <Cerealesh> como con google?
[01:03:15] [Server thread/INFO]: <arribas12> sisi, se necesita cuenta
[01:03:19] [Server thread/INFO]: Mary[/25.101.82.149:62804] logged in with entity id 17478 at (-91.60998895612711, 63.0, 102.46425401350103)
[01:03:19] [Server thread/INFO]: Mary joined the game
[01:03:20] [Server thread/WARN]: arribas12 moved too quickly! 0.8646005132315224,-0.04353562014750878,-10.136127169260362
[01:03:22] [Server thread/INFO]: <Cerealesh> vale ahora hago
[01:03:36] [Server thread/WARN]: Can't keep up! Is the server overloaded? Running 33883ms or 677 ticks behind
[01:04:17] [Server thread/WARN]: Can't keep up! Is the server overloaded? Running 25426ms or 508 ticks behind
[01:04:40] [Server thread/INFO]: <arribas12> y al resto, he creado una red de hamachi para que esteis conmigo por si hosteo
[01:04:47] [Server thread/INFO]: <arribas12> usuario: cerealesh
[01:04:53] [Server thread/WARN]: Can't keep up! Is the server overloaded? Running 21463ms or 429 ticks behind
[01:04:54] [Server thread/INFO]: <arribas12> pasword: minecraft
[01:05:22] [Server thread/INFO]: <Cerealesh> nice
[01:05:35] [Server thread/WARN]: Can't keep up! Is the server overloaded? Running 27063ms or 541 ticks behind
[01:06:16] [Server thread/WARN]: Can't keep up! Is the server overloaded? Running 26148ms or 522 ticks behind
[01:06:53] [Server thread/WARN]: Can't keep up! Is the server overloaded? Running 21579ms or 431 ticks behind
[01:07:30] [Server thread/WARN]: Can't keep up! Is the server overloaded? Running 22423ms or 448 ticks behind
[01:08:04] [Server thread/WARN]: Can't keep up! Is the server overloaded? Running 18790ms or 375 ticks behind
[01:08:36] [Server thread/WARN]: Can't keep up! Is the server overloaded? Running 17229ms or 344 ticks behind
[01:09:09] [Server thread/WARN]: Can't keep up! Is the server overloaded? Running 17647ms or 352 ticks behind
[01:09:32] [Server thread/INFO]: asiertxoo97 has made the advancement [Acquire Hardware]
[01:09:44] [Server thread/WARN]: Can't keep up! Is the server overloaded? Running 19924ms or 398 ticks behind
[01:09:56] [Server thread/INFO]: <asiertxoo97> que me has dado?
[01:10:03] [Server thread/INFO]: <arribas12> lo que habia en tu horno
[01:10:10] [Server thread/INFO]: <Cerealesh> como se suben cosas a git hub?
[01:10:13] [Server thread/INFO]: <asiertxoo97> HAHAHAHA amigo
[01:10:18] [Server thread/WARN]: Can't keep up! Is the server overloaded? Running 18936ms or 378 ticks behind
[01:10:37] [Server thread/INFO]: <arribas12> mm tienes la cuenta ya?
[01:10:54] [Server thread/WARN]: Can't keep up! Is the server overloaded? Running 21045ms or 420 ticks behind
[01:11:39] [Server thread/WARN]: Can't keep up! Is the server overloaded? Running 30451ms or 609 ticks behind
[01:12:14] [Server thread/WARN]: Can't keep up! Is the server overloaded? Running 20406ms or 408 ticks behind
[01:12:54] [Server thread/WARN]: Can't keep up! Is the server overloaded? Running 24807ms or 496 ticks behind
[01:13:32] [Server thread/WARN]: Can't keep up! Is the server overloaded? Running 22346ms or 446 ticks behind
